2021-06-22T06:12:13.922Z - normal: Load ~/.CocosCreator/settings.json
2021-06-22T06:12:15.087Z - normal: Initializing Asset Database
2021-06-22T06:12:15.119Z - normal: checking language setting...
2021-06-22T06:12:15.119Z - normal: Language: zh
2021-06-22T06:12:16.464Z - success: preview server running at http://localhost:7457
2021-06-22T06:12:16.464Z - success: protocol editor-framework registered
2021-06-22T06:12:16.464Z - success: protocol app registered
2021-06-22T06:12:16.465Z - success: protocol theme registered
2021-06-22T06:12:16.465Z - success: protocol packages registered
2021-06-22T06:12:16.465Z - success: protocol uuid registerred
2021-06-22T06:12:16.465Z - success: protocol db registerred
2021-06-22T06:12:16.465Z - success: protocol thumbnail registerred
2021-06-22T06:12:16.465Z - success: protocol unpack registerred
2021-06-22T06:12:16.465Z - success: protocol disable-commonjs registerred
2021-06-22T06:12:16.710Z - normal: connected!
2021-06-22T06:12:16.711Z - normal: Check project F:\CoCos-2D\blackJack_0605
2021-06-22T06:12:16.713Z - normal: Initializing project F:\CoCos-2D\blackJack_0605
2021-06-22T06:12:17.271Z - normal: Initializing Cocos2d
2021-06-22T06:12:20.165Z - normal: Initializing engine extends
2021-06-22T06:12:20.215Z - success: asset-db-debugger loaded
2021-06-22T06:12:20.226Z - success: baidu-adapter loaded
2021-06-22T06:12:20.239Z - success: color-picker loaded
2021-06-22T06:12:20.395Z - success: fb-audience-network loaded
2021-06-22T06:12:20.483Z - success: fb-live-stream loaded
2021-06-22T06:12:20.517Z - success: google-play-instant loaded
2021-06-22T06:12:20.559Z - success: huawei-runtime loaded
2021-06-22T06:12:21.424Z - success: cpk-publish loaded
2021-06-22T06:12:21.446Z - success: jsb-adapter loaded
2021-06-22T06:12:21.486Z - success: oppo-runtime loaded
2021-06-22T06:12:21.513Z - success: package-manager loaded
2021-06-22T06:12:21.723Z - success: qqplay-adapter loaded
2021-06-22T06:12:21.743Z - success: runtime-dev-tools loaded
2021-06-22T06:12:21.766Z - success: sdkbox loaded
2021-06-22T06:12:21.797Z - success: tester loaded
2021-06-22T06:12:21.815Z - success: ui-grid loaded
2021-06-22T06:12:21.832Z - success: ui-kit-preview-extra loaded
2021-06-22T06:12:21.851Z - success: ui-kit-preview loaded
2021-06-22T06:12:21.871Z - success: ui-kit loaded
2021-06-22T06:12:21.890Z - success: ui-tree loaded
2021-06-22T06:12:21.927Z - success: vivo-runtime loaded
2021-06-22T06:12:21.934Z - success: weapp-adapter loaded
2021-06-22T06:12:21.942Z - success: xiaomi-adapter loaded
2021-06-22T06:12:22.003Z - success: assets loaded
2021-06-22T06:12:22.005Z - success: builder loaded
2021-06-22T06:12:22.330Z - success: cocos-services loaded
2021-06-22T06:12:22.336Z - success: console loaded
2021-06-22T06:12:22.380Z - success: fb-instant-games loaded
2021-06-22T06:12:22.382Z - success: google-instant-games loaded
2021-06-22T06:12:22.386Z - success: hierarchy loaded
2021-06-22T06:12:22.391Z - success: inspector loaded
2021-06-22T06:12:22.393Z - success: keystore loaded
2021-06-22T06:12:22.397Z - success: node-library loaded
2021-06-22T06:12:22.400Z - success: package-asset loaded
2021-06-22T06:12:22.402Z - success: preferences loaded
2021-06-22T06:12:22.404Z - success: project-exporter loaded
2021-06-22T06:12:22.407Z - success: project-importer loaded
2021-06-22T06:12:22.410Z - success: project-settings loaded
2021-06-22T06:12:22.414Z - success: scene loaded
2021-06-22T06:12:22.415Z - success: simulator-debugger loaded
2021-06-22T06:12:22.418Z - success: sprite-editor loaded
2021-06-22T06:12:22.428Z - success: store loaded
2021-06-22T06:12:22.432Z - success: timeline loaded
2021-06-22T06:12:22.439Z - success: xiaomi-runtime loaded
2021-06-22T06:12:29.628Z - info: Cocos Services load base data!
2021-06-22T06:12:30.309Z - normal: Loading packages
2021-06-22T06:12:30.317Z - normal: Watching packages
2021-06-22T06:12:30.870Z - normal: Run Application
2021-06-22T06:12:45.412Z - info: shutdown preview server
